<?xml version="1.0" encoding="UTF-8"?>
<!-- Generated by org.testng.reporters.JUnitReportReporter -->
<testsuite hostname="Ibrahim" name="com.FCI.SWE.Models.com.FCI.SWE.Models.UserTest" tests="3" failures="3" timestamp="8 May 2015 16:38:51 GMT" time="1.039" errors="0">
  <testcase name="getUserNameByID" time="0.029" classname="com.FCI.SWE.Models.com.FCI.SWE.Models.UserTest">
    <failure type="com.google.apphosting.api.ApiProxy$UnknownException" message="An error occurred for the API request datastore_v3.RunQuery().">
      <![CDATA[com.google.apphosting.api.ApiProxy$UnknownException: An error occurred for the API request datastore_v3.RunQuery().
	at com.google.appengine.tools.development.ApiProxyLocalImpl$AsyncApiCall.callInternal(ApiProxyLocalImpl.java:398)
	at com.google.appengine.tools.development.ApiProxyLocalImpl$AsyncApiCall.call(ApiProxyLocalImpl.java:353)
	at com.google.appengine.tools.development.ApiProxyLocalImpl$AsyncApiCall.call(ApiProxyLocalImpl.java:332)
	at java.util.concurrent.Executors$PrivilegedCallable$1.run(Executors.java:493)
	at java.security.AccessController.doPrivileged(Native Method)
	at java.util.concurrent.Executors$PrivilegedCallable.call(Executors.java:490)
	at java.util.concurrent.FutureTask.run(FutureTask.java:262)
	at java.util.concurrent.ThreadPoolExecutor.runWorker(ThreadPoolExecutor.java:1145)
	at java.util.concurrent.ThreadPoolExecutor$Worker.run(ThreadPoolExecutor.java:615)
	at java.lang.Thread.run(Thread.java:745)
Caused by: java.lang.NoSuchMethodError: com.google.apphosting.api.DatastorePb$CompiledCursor.positionSize()I
	at com.google.appengine.api.datastore.dev.LocalDatastoreService$LiveQuery$DecompiledCursor.<init>(LocalDatastoreService.java:1755)
	at com.google.appengine.api.datastore.dev.LocalDatastoreService$LiveQuery.applyCursors(LocalDatastoreService.java:1817)
	at com.google.appengine.api.datastore.dev.LocalDatastoreService$LiveQuery.<init>(LocalDatastoreService.java:1811)
	at com.google.appengine.api.datastore.dev.LocalDatastoreService.runQuery(LocalDatastoreService.java:1000)
	at sun.reflect.NativeMethodAccessorImpl.invoke0(Native Method)
	at sun.reflect.NativeMethodAccessorImpl.invoke(NativeMethodAccessorImpl.java:57)
	at sun.reflect.DelegatingMethodAccessorImpl.invoke(DelegatingMethodAccessorImpl.java:43)
	at java.lang.reflect.Method.invoke(Method.java:606)
	at com.google.appengine.tools.development.ApiProxyLocalImpl$AsyncApiCall.callInternal(ApiProxyLocalImpl.java:387)
	... 9 more
]]>
    </failure>
  </testcase> <!-- getUserNameByID -->
  <testcase name="getUserNameByID" time="0.996" classname="com.FCI.SWE.Models.com.FCI.SWE.Models.UserTest">
    <failure type="com.google.apphosting.api.ApiProxy$UnknownException" message="An error occurred for the API request datastore_v3.RunQuery().">
      <![CDATA[com.google.apphosting.api.ApiProxy$UnknownException: An error occurred for the API request datastore_v3.RunQuery().
	at com.google.appengine.tools.development.ApiProxyLocalImpl$AsyncApiCall.callInternal(ApiProxyLocalImpl.java:398)
	at com.google.appengine.tools.development.ApiProxyLocalImpl$AsyncApiCall.call(ApiProxyLocalImpl.java:353)
	at com.google.appengine.tools.development.ApiProxyLocalImpl$AsyncApiCall.call(ApiProxyLocalImpl.java:332)
	at java.util.concurrent.Executors$PrivilegedCallable$1.run(Executors.java:493)
	at java.security.AccessController.doPrivileged(Native Method)
	at java.util.concurrent.Executors$PrivilegedCallable.call(Executors.java:490)
	at java.util.concurrent.FutureTask.run(FutureTask.java:262)
	at java.util.concurrent.ThreadPoolExecutor.runWorker(ThreadPoolExecutor.java:1145)
	at java.util.concurrent.ThreadPoolExecutor$Worker.run(ThreadPoolExecutor.java:615)
	at java.lang.Thread.run(Thread.java:745)
Caused by: java.lang.NoSuchMethodError: com.google.apphosting.api.DatastorePb$CompiledCursor.positionSize()I
	at com.google.appengine.api.datastore.dev.LocalDatastoreService$LiveQuery$DecompiledCursor.<init>(LocalDatastoreService.java:1755)
	at com.google.appengine.api.datastore.dev.LocalDatastoreService$LiveQuery.applyCursors(LocalDatastoreService.java:1817)
	at com.google.appengine.api.datastore.dev.LocalDatastoreService$LiveQuery.<init>(LocalDatastoreService.java:1811)
	at com.google.appengine.api.datastore.dev.LocalDatastoreService.runQuery(LocalDatastoreService.java:1000)
	at sun.reflect.NativeMethodAccessorImpl.invoke0(Native Method)
	at sun.reflect.NativeMethodAccessorImpl.invoke(NativeMethodAccessorImpl.java:57)
	at sun.reflect.DelegatingMethodAccessorImpl.invoke(DelegatingMethodAccessorImpl.java:43)
	at java.lang.reflect.Method.invoke(Method.java:606)
	at com.google.appengine.tools.development.ApiProxyLocalImpl$AsyncApiCall.callInternal(ApiProxyLocalImpl.java:387)
	... 9 more
]]>
    </failure>
  </testcase> <!-- getUserNameByID -->
  <testcase name="getUserNameByID" time="0.014" classname="com.FCI.SWE.Models.com.FCI.SWE.Models.UserTest">
    <failure type="com.google.apphosting.api.ApiProxy$UnknownException" message="An error occurred for the API request datastore_v3.RunQuery().">
      <![CDATA[com.google.apphosting.api.ApiProxy$UnknownException: An error occurred for the API request datastore_v3.RunQuery().
	at com.google.appengine.tools.development.ApiProxyLocalImpl$AsyncApiCall.callInternal(ApiProxyLocalImpl.java:398)
	at com.google.appengine.tools.development.ApiProxyLocalImpl$AsyncApiCall.call(ApiProxyLocalImpl.java:353)
	at com.google.appengine.tools.development.ApiProxyLocalImpl$AsyncApiCall.call(ApiProxyLocalImpl.java:332)
	at java.util.concurrent.Executors$PrivilegedCallable$1.run(Executors.java:493)
	at java.security.AccessController.doPrivileged(Native Method)
	at java.util.concurrent.Executors$PrivilegedCallable.call(Executors.java:490)
	at java.util.concurrent.FutureTask.run(FutureTask.java:262)
	at java.util.concurrent.ThreadPoolExecutor.runWorker(ThreadPoolExecutor.java:1145)
	at java.util.concurrent.ThreadPoolExecutor$Worker.run(ThreadPoolExecutor.java:615)
	at java.lang.Thread.run(Thread.java:745)
Caused by: java.lang.NoSuchMethodError: com.google.apphosting.api.DatastorePb$CompiledCursor.positionSize()I
	at com.google.appengine.api.datastore.dev.LocalDatastoreService$LiveQuery$DecompiledCursor.<init>(LocalDatastoreService.java:1755)
	at com.google.appengine.api.datastore.dev.LocalDatastoreService$LiveQuery.applyCursors(LocalDatastoreService.java:1817)
	at com.google.appengine.api.datastore.dev.LocalDatastoreService$LiveQuery.<init>(LocalDatastoreService.java:1811)
	at com.google.appengine.api.datastore.dev.LocalDatastoreService.runQuery(LocalDatastoreService.java:1000)
	at sun.reflect.NativeMethodAccessorImpl.invoke0(Native Method)
	at sun.reflect.NativeMethodAccessorImpl.invoke(NativeMethodAccessorImpl.java:57)
	at sun.reflect.DelegatingMethodAccessorImpl.invoke(DelegatingMethodAccessorImpl.java:43)
	at java.lang.reflect.Method.invoke(Method.java:606)
	at com.google.appengine.tools.development.ApiProxyLocalImpl$AsyncApiCall.callInternal(ApiProxyLocalImpl.java:387)
	... 9 more
]]>
    </failure>
  </testcase> <!-- getUserNameByID -->
</testsuite> <!-- com.FCI.SWE.Models.com.FCI.SWE.Models.UserTest -->
